#
# A fatal error has been detected by the Java Runtime Environment:
#
#  EXCEPTION_ACCESS_VIOLATION (0xc0000005) at pc=0x6e949bd1, pid=1368, tid=1684
#
# JRE version: 7.0_17-b02
# Java VM: Java HotSpot(TM) Client VM (23.7-b01 mixed mode, sharing windows-x86 )
# Problematic frame:
# V  [jvm.dll+0x89bd1]
#
# Failed to write core dump. Minidumps are not enabled by default on client versions of Windows
#
# If you would like to submit a bug report, please visit:
#   http://bugreport.sun.com/bugreport/crash.jsp
#

---------------  T H R E A D  ---------------

Current thread (0x02a95c00):  JavaThread "C1 CompilerThread0" daemon [_thread_in_vm, id=1684, stack(0x02e00000,0x02e50000)]

siginfo: ExceptionCode=0xc0000005, reading address 0x00000028

Registers:
EAX=0x380f4590, EBX=0x0000000d, ECX=0x32b00828, EDX=0x00000000
ESP=0x02e4f364, EBP=0x02e4f37c, ESI=0x0000000d, EDI=0x32b80b78
EIP=0x6e949bd1, EFLAGS=0x00010202

Top of Stack: (sp=0x02e4f364)
0x02e4f364:   380f3b88 32b01668 38120108 0000000d
0x02e4f374:   380f4591 0000000d 02e4f39c 6e94af0e
0x02e4f384:   32b00828 38120108 380f3b88 02e4f614
0x02e4f394:   02a95c00 380f3b88 02e4f3b0 6e9152ec
0x02e4f3a4:   38120108 380f3b88 02e4f614 02e4f4d8
0x02e4f3b4:   6e915ffb 02e4f614 02a96534 38120108
0x02e4f3c4:   380f3b88 02a95c00 02a95c00 02e4f614
0x02e4f3d4:   02e4f66c 02e4f3f0 6e8c49a5 0000000d 

Instructions: (pc=0x6e949bd1)
0x6e949bb1:   57 89 5d f4 89 75 fc 0f 88 bd 01 00 00 eb 03 8b
0x6e949bc1:   75 fc 8b 4d 08 03 f3 d1 fe 8b 7c b1 0c 8b 57 08
0x6e949bd1:   0f b7 42 28 8b 57 0c 8b 4c 82 28 89 4d f8 8b 4d
0x6e949be1:   f8 85 c9 75 38 85 c0 74 34 8b 4a 08 8a 4c 01 0c 


Register to memory mapping:

EAX=0x380f4590 is an unknown value
EBX=0x0000000d is an unknown value
ECX=0x32b00828 is an oop
[[I 
 - klass: 'java/lang/Object'[]
 - length: 20
EDX=0x00000000 is an unknown value
ESP=0x02e4f364 is pointing into the stack for thread: 0x02a95c00
EBP=0x02e4f37c is pointing into the stack for thread: 0x02a95c00
ESI=0x0000000d is an unknown value
EDI=0x32b80b78 is an oop
{instance class} 
 - klass: {other class}


Stack: [0x02e00000,0x02e50000],  sp=0x02e4f364,  free space=316k
Native frames: (J=compiled Java code, j=interpreted, Vv=VM code, C=native code)
V  [jvm.dll+0x89bd1]
V  [jvm.dll+0x8af0e]
V  [jvm.dll+0x552ec]
V  [jvm.dll+0x55ffb]
V  [jvm.dll+0x56bc6]
V  [jvm.dll+0x57d20]
V  [jvm.dll+0x584db]
V  [jvm.dll+0x4f6c]
V  [jvm.dll+0x6898]
V  [jvm.dll+0x69ea]
V  [jvm.dll+0xfbec]
V  [jvm.dll+0x24a408]
V  [jvm.dll+0x24c940]
V  [jvm.dll+0x24d401]
V  [jvm.dll+0x2502ba]
V  [jvm.dll+0x250429]
V  [jvm.dll+0x23fde2]
V  [jvm.dll+0x240513]
V  [jvm.dll+0x24063a]
V  [jvm.dll+0x240797]
V  [jvm.dll+0x240a2d]
V  [jvm.dll+0x4663e]
V  [jvm.dll+0x46bb4]
V  [jvm.dll+0x14a647]
V  [jvm.dll+0x14a7b0]
V  [jvm.dll+0x17ee89]
C  [msvcr100.dll+0x5c6de]  endthreadex+0x3a
C  [msvcr100.dll+0x5c788]  endthreadex+0xe4
C  [kernel32.dll+0xb713]  GetModuleFileNameA+0x1b4


Current CompileTask:
C1:  25129  320             sun.util.locale.LocaleUtils::caseIgnoreMatch (73 bytes)


---------------  P R O C E S S  ---------------

Java Threads: ( => current thread )
  0x03124c00 JavaThread "TimerQueue" daemon [_thread_blocked, id=372, stack(0x033c0000,0x03410000)]
  0x003c8400 JavaThread "DestroyJavaVM" [_thread_blocked, id=2168, stack(0x00900000,0x00950000)]
  0x030fcc00 JavaThread "AWT-EventQueue-0" [_thread_blocked, id=2280, stack(0x03280000,0x032d0000)]
  0x02ad4400 JavaThread "AWT-Windows" daemon [_thread_in_native, id=1716, stack(0x02f90000,0x02fe0000)]
  0x02ad2800 JavaThread "AWT-Shutdown" [_thread_blocked, id=3012, stack(0x02f40000,0x02f90000)]
  0x02ad1400 JavaThread "Java2D Disposer" daemon [_thread_blocked, id=3620, stack(0x02ef0000,0x02f40000)]
  0x02a9bc00 JavaThread "Service Thread" daemon [_thread_blocked, id=2724, stack(0x02e50000,0x02ea0000)]
=>0x02a95c00 JavaThread "C1 CompilerThread0" daemon [_thread_in_vm, id=1684, stack(0x02e00000,0x02e50000)]
  0x02a94400 JavaThread "Attach Listener" daemon [_thread_blocked, id=3080, stack(0x02db0000,0x02e00000)]
  0x02a93000 JavaThread "Signal Dispatcher" daemon [_thread_blocked, id=2376, stack(0x02d60000,0x02db0000)]
  0x02a84400 JavaThread "Finalizer" daemon [_thread_blocked, id=1268, stack(0x02cf0000,0x02d40000)]
  0x02a7f800 JavaThread "Reference Handler" daemon [_thread_blocked, id=2012, stack(0x02ca0000,0x02cf0000)]

Other Threads:
  0x02a7dc00 VMThread [stack: 0x02c50000,0x02ca0000] [id=1632]
  0x02ab7800 WatcherThread [stack: 0x02ea0000,0x02ef0000] [id=4088]

VM state:not at safepoint (normal execution)

VM Mutex/Monitor currently owned by a thread: None

Heap
 def new generation   total 4928K, used 3924K [0x22af0000, 0x23040000, 0x28040000)
  eden space 4416K,  88% used [0x22af0000, 0x22ec51e0, 0x22f40000)
  from space 512K,   0% used [0x22f40000, 0x22f40000, 0x22fc0000)
  to   space 512K,   0% used [0x22fc0000, 0x22fc0000, 0x23040000)
 tenured generation   total 10944K, used 0K [0x28040000, 0x28af0000, 0x32af0000)
   the space 10944K,   0% used [0x28040000, 0x28040000, 0x28040200, 0x28af0000)
 compacting perm gen  total 12288K, used 876K [0x32af0000, 0x336f0000, 0x36af0000)
   the space 12288K,   7% used [0x32af0000, 0x32bcb2a8, 0x32bcb400, 0x336f0000)
    ro space 10240K,  45% used [0x36af0000, 0x36f773d8, 0x36f77400, 0x374f0000)
    rw space 12288K,  54% used [0x374f0000, 0x37b7acc8, 0x37b7ae00, 0x380f0000)

Card table byte_map: [0x02af0000,0x02ba0000] byte_map_base: 0x029da880

Polling page: 0x003f0000

Code Cache  [0x00970000, 0x00a68000, 0x02970000)
 total_blobs=533 nmethods=319 adapters=149 free_code_cache=31787Kb largest_free_block=32549888

Compilation events (10 events):
Event: 22.330 Thread 0x02a95c00 nmethod 315 0x00a642c8 code [0x00a64420, 0x00a64844]
Event: 23.896 Thread 0x02a95c00  316             javax.swing.text.GapContent$StickyPosition::getOffset (8 bytes)
Event: 23.897 Thread 0x02a95c00 nmethod 316 0x00a64a88 code [0x00a64b90, 0x00a64c2c]
Event: 23.975 Thread 0x02a95c00  317             javax.swing.UIDefaults::get (21 bytes)
Event: 23.975 Thread 0x02a95c00 nmethod 317 0x00a64cc8 code [0x00a64dd0, 0x00a64e98]
Event: 24.167 Thread 0x02a95c00  318             sun.java2d.SunGraphics2D::setColor (108 bytes)
Event: 24.167 Thread 0x02a95c00 nmethod 318 0x00a64f08 code [0x00a65020, 0x00a65198]
Event: 25.024 Thread 0x02a95c00  319             sun.util.locale.LocaleUtils::toLower (17 bytes)
Event: 25.024 Thread 0x02a95c00 nmethod 319 0x00a65208 code [0x00a65300, 0x00a653a0]
Event: 25.024 Thread 0x02a95c00  320             sun.util.locale.LocaleUtils::caseIgnoreMatch (73 bytes)

GC Heap History (0 events):
No events

Deoptimization events (0 events):
No events

Internal exceptions (10 events):
Event: 0.077 Thread 0x003c8400 Threw 0x22b2e6b8 at C:\jdk7u2_32P\jdk7u17\hotspot\src\share\vm\prims\jvm.cpp:1166
Event: 0.085 Thread 0x003c8400 Threw 0x22b33b68 at C:\jdk7u2_32P\jdk7u17\hotspot\src\share\vm\prims\jvm.cpp:1166
Event: 0.086 Thread 0x003c8400 Threw 0x22b36430 at C:\jdk7u2_32P\jdk7u17\hotspot\src\share\vm\prims\jvm.cpp:1166
Event: 0.098 Thread 0x003c8400 Threw 0x22b3cbf0 at C:\jdk7u2_32P\jdk7u17\hotspot\src\share\vm\prims\jni.cpp:716
Event: 0.286 Thread 0x003c8400 Threw 0x22c20fe0 at C:\jdk7u2_32P\jdk7u17\hotspot\src\share\vm\prims\jvm.cpp:1166
Event: 0.286 Thread 0x003c8400 Threw 0x22c210f8 at C:\jdk7u2_32P\jdk7u17\hotspot\src\share\vm\prims\jvm.cpp:1166
Event: 0.287 Thread 0x003c8400 Threw 0x22c249f8 at C:\jdk7u2_32P\jdk7u17\hotspot\src\share\vm\prims\jvm.cpp:1166
Event: 0.287 Thread 0x003c8400 Threw 0x22c24b10 at C:\jdk7u2_32P\jdk7u17\hotspot\src\share\vm\prims\jvm.cpp:1166
Event: 0.326 Thread 0x003c8400 Threw 0x22c30b38 at C:\jdk7u2_32P\jdk7u17\hotspot\src\share\vm\prims\jvm.cpp:1166
Event: 0.328 Thread 0x003c8400 Threw 0x22c48d70 at C:\jdk7u2_32P\jdk7u17\hotspot\src\share\vm\prims\jvm.cpp:1166

Events (10 events):
Event: 17.536 loading class 0x02a8d6e8
Event: 17.536 loading class 0x02a8d6e8 done
Event: 17.536 loading class 0x02a8d720
Event: 17.536 loading class 0x02a8d720 done
Event: 17.536 loading class 0x02a8d758
Event: 17.536 loading class 0x02a8d758 done
Event: 17.536 loading class 0x38235c78
Event: 17.537 loading class 0x38235c38
Event: 17.537 loading class 0x38235c38 done
Event: 17.537 loading class 0x38235c78 done


Dynamic libraries:
0x00400000 - 0x0042f000 	C:\Program Files\Java\jdk1.7.0_17\bin\javaw.exe
0x7c900000 - 0x7c9af000 	C:\WINDOWS\system32\ntdll.dll
0x7c800000 - 0x7c8f6000 	C:\WINDOWS\system32\kernel32.dll
0x77dd0000 - 0x77e6b000 	C:\WINDOWS\system32\ADVAPI32.dll
0x77e70000 - 0x77f02000 	C:\WINDOWS\system32\RPCRT4.dll
0x77fe0000 - 0x77ff1000 	C:\WINDOWS\system32\Secur32.dll
0x7e410000 - 0x7e4a1000 	C:\WINDOWS\system32\USER32.dll
0x77f10000 - 0x77f59000 	C:\WINDOWS\system32\GDI32.dll
0x773d0000 - 0x774d3000 	C:\WINDOWS\WinSxS\x86_Microsoft.Windows.Common-Controls_6595b64144ccf1df_6.0.2600.5512_x-ww_35d4ce83\COMCTL32.dll
0x77c10000 - 0x77c68000 	C:\WINDOWS\system32\msvcrt.dll
0x77f60000 - 0x77fd6000 	C:\WINDOWS\system32\SHLWAPI.dll
0x76390000 - 0x763ad000 	C:\WINDOWS\system32\IMM32.DLL
0x78aa0000 - 0x78b5e000 	C:\Program Files\Java\jdk1.7.0_17\jre\bin\msvcr100.dll
0x6e8c0000 - 0x6ec0c000 	C:\Program Files\Java\jdk1.7.0_17\jre\bin\client\jvm.dll
0x71ad0000 - 0x71ad9000 	C:\WINDOWS\system32\WSOCK32.dll
0x71ab0000 - 0x71ac7000 	C:\WINDOWS\system32\WS2_32.dll
0x71aa0000 - 0x71aa8000 	C:\WINDOWS\system32\WS2HELP.dll
0x76b40000 - 0x76b6d000 	C:\WINDOWS\system32\WINMM.dll
0x76bf0000 - 0x76bfb000 	C:\WINDOWS\system32\PSAPI.DLL
0x6e810000 - 0x6e81c000 	C:\Program Files\Java\jdk1.7.0_17\jre\bin\verify.dll
0x6d590000 - 0x6d5b0000 	C:\Program Files\Java\jdk1.7.0_17\jre\bin\java.dll
0x6e8a0000 - 0x6e8b3000 	C:\Program Files\Java\jdk1.7.0_17\jre\bin\zip.dll
0x6d110000 - 0x6d252000 	C:\Program Files\Java\jdk1.7.0_17\jre\bin\awt.dll
0x77120000 - 0x771ab000 	C:\WINDOWS\system32\OLEAUT32.dll
0x774e0000 - 0x7761d000 	C:\WINDOWS\system32\ole32.dll
0x5ad70000 - 0x5ada8000 	C:\WINDOWS\system32\uxtheme.dll
0x74720000 - 0x7476c000 	C:\WINDOWS\system32\MSCTF.dll
0x10000000 - 0x10004000 	C:\Program Files\Unlocker\UnlockerHook.dll
0x7c9c0000 - 0x7d1d7000 	C:\WINDOWS\system32\SHELL32.dll
0x755c0000 - 0x755ee000 	C:\WINDOWS\system32\msctfime.ime
0x6d380000 - 0x6d3aa000 	C:\Program Files\Java\jdk1.7.0_17\jre\bin\fontmanager.dll
0x6e5b0000 - 0x6e5c4000 	C:\Program Files\Java\jdk1.7.0_17\jre\bin\net.dll
0x6e5d0000 - 0x6e5de000 	C:\Program Files\Java\jdk1.7.0_17\jre\bin\nio.dll
0x6e7b0000 - 0x6e7e1000 	C:\Program Files\Java\jdk1.7.0_17\jre\bin\t2k.dll
0x76fd0000 - 0x7704f000 	C:\WINDOWS\system32\CLBCATQ.DLL
0x77050000 - 0x77115000 	C:\WINDOWS\system32\COMRes.dll
0x77c00000 - 0x77c08000 	C:\WINDOWS\system32\VERSION.dll
0x605d0000 - 0x605d9000 	C:\WINDOWS\system32\mslbui.dll
0x59a60000 - 0x59b01000 	C:\WINDOWS\system32\dbghelp.dll

VM Arguments:
jvm_args: -Dfile.encoding=UTF-8 
java_command: com.sirma.itt.javacourse.gui.calc.CalculatorRun
Launcher Type: SUN_STANDARD

Environment Variables:
PATH=C:/Program Files/Java/jre7/bin/client;C:/Program Files/Java/jre7/bin;C:/Program Files/Java/jre7/lib/i386;C:\WINDOWS\system32;C:\WINDOWS;C:\WINDOWS\System32\Wbem;C:\Program Files\Java\jdk1.7.0_17\bin;D:\eclipse;
USERNAME=sdjulgerova
OS=Windows_NT
PROCESSOR_IDENTIFIER=x86 Family 15 Model 6 Stepping 4, GenuineIntel



---------------  S Y S T E M  ---------------

OS: Windows XP Build 2600 Service Pack 3

CPU:total 2 (2 cores per cpu, 1 threads per core) family 15 model 6 stepping 4, cmov, cx8, fxsr, mmx, sse, sse2, sse3, tsc

Memory: 4k page, physical 3137004k(1483092k free), swap 6659628k(5065208k free)

vm_info: Java HotSpot(TM) Client VM (23.7-b01) for windows-x86 JRE (1.7.0_17-b02), built on Mar  1 2013 05:04:36 by "java_re" with unknown MS VC++:1600

time: Thu Jul 04 17:20:59 2013
elapsed time: 25 seconds

